INFO:user_log:Создание словаря проектов
INFO:user_log:Начата обработка следующего проекта: ПУТИЛКОВО
INFO:user_log:Считывание данных для создания итогового файла
INFO:user_log:Запись в файл
INFO:user_log:Обработка проекта ПУТИЛКОВО успешно завершена
INFO:user_log:Начата обработка следующего проекта: АЛХИМОВО
INFO:user_log:Считывание данных для создания итогового файла
INFO:user_log:Запись в файл
INFO:user_log:Обработка проекта АЛХИМОВО успешно завершена
INFO:user_log:Начата обработка следующего проекта: СПУТНИК
INFO:user_log:Считывание данных для создания итогового файла
INFO:user_log:При обработке следующего проекта СПУТНИК возникло исключение:

ERROR:user_log:'spt'
Traceback (most recent call last):
  File "C:\Users\cyril\PycharmProjects\Samolet\CRMandAccount\CRMandAccount.py", line 54, in <module>
    values = main_func(prj, pg_bar, out)
             ^^^^^^^^^^^^^^^^^^^^^^^^^^^
  File "C:\Users\cyril\PycharmProjects\Samolet\CRMandAccount\manage.py", line 440, in main_func
    crm_file = CrmFile(user_values['CRM'], 'CRM', f'CRM_{user_values["prj"].replace("-", "_").replace(" ", "_")}',False if user_values['CRM']!='' else True, user_values['spt'],user_values['--TO_PERIOD--'])
                                                                                                                                                             ~~~~~~~~~~~^^^^^^^
KeyError: 'spt'
INFO:user_log:Начата обработка следующего проекта: ВЕРЕЙСКАЯ
INFO:user_log:Считывание данных для создания итогового файла
INFO:user_log:Запись в файл
INFO:user_log:Обработка проекта ВЕРЕЙСКАЯ успешно завершена
INFO:user_log:Начата обработка следующего проекта: ГОРКИ-ПАРК
INFO:user_log:Считывание данных для создания итогового файла
INFO:user_log:Запись в файл
INFO:user_log:Обработка проекта ГОРКИ-ПАРК успешно завершена
INFO:user_log:Начата обработка следующего проекта: ДОЛИНА ЯУЗЫ
INFO:user_log:Считывание данных для создания итогового файла
INFO:user_log:Запись в файл
INFO:user_log:Обработка проекта ДОЛИНА ЯУЗЫ успешно завершена
INFO:user_log:Начата обработка следующего проекта: КВАРТАЛ ИВАКИНО
INFO:user_log:Считывание данных для создания итогового файла
INFO:user_log:Запись в файл
INFO:user_log:Обработка проекта КВАРТАЛ ИВАКИНО успешно завершена
INFO:user_log:Начата обработка следующего проекта: ЛЮБЕРЦЫ
INFO:user_log:Считывание данных для создания итогового файла
INFO:user_log:Запись в файл
INFO:user_log:Обработка проекта ЛЮБЕРЦЫ успешно завершена
INFO:user_log:Начата обработка следующего проекта: МОЛЖАНИНОВО
INFO:user_log:Считывание данных для создания итогового файла
INFO:user_log:Запись в файл
INFO:user_log:Обработка проекта МОЛЖАНИНОВО успешно завершена
INFO:user_log:Начата обработка следующего проекта: МЫТИЩИ-ПАРК
INFO:user_log:Считывание данных для создания итогового файла
INFO:user_log:Запись в файл
INFO:user_log:Обработка проекта МЫТИЩИ-ПАРК успешно завершена
INFO:user_log:Начата обработка следующего проекта: НЕКРАСОВКА
INFO:user_log:Считывание данных для создания итогового файла
INFO:user_log:Запись в файл
INFO:user_log:Обработка проекта НЕКРАСОВКА успешно завершена
INFO:user_log:Начата обработка следующего проекта: НОВОДАНИЛОВСКАЯ
INFO:user_log:Считывание данных для создания итогового файла
INFO:user_log:Запись в файл
INFO:user_log:Обработка проекта НОВОДАНИЛОВСКАЯ успешно завершена
INFO:user_log:Начата обработка следующего проекта: НОВОЕ ВНУКОВО
INFO:user_log:Считывание данных для создания итогового файла
INFO:user_log:Запись в файл
INFO:user_log:Обработка проекта НОВОЕ ВНУКОВО успешно завершена
INFO:user_log:Начата обработка следующего проекта: ОСТАФЬЕВО
INFO:user_log:Считывание данных для создания итогового файла
INFO:user_log:Запись в файл
INFO:user_log:Обработка проекта ОСТАФЬЕВО успешно завершена
INFO:user_log:Начата обработка следующего проекта: ПРИБРЕЖНЫЙ ПАРК
INFO:user_log:Считывание данных для создания итогового файла
INFO:user_log:Запись в файл
INFO:user_log:Обработка проекта ПРИБРЕЖНЫЙ ПАРК успешно завершена
INFO:user_log:Начата обработка следующего проекта: ПРИГОРОД
INFO:user_log:Считывание данных для создания итогового файла
INFO:user_log:Запись в файл
INFO:user_log:Обработка проекта ПРИГОРОД успешно завершена
INFO:user_log:Начата обработка следующего проекта: ПЯТНИЦКИЕ ЛУГА
INFO:user_log:Считывание данных для создания итогового файла
INFO:user_log:Запись в файл
INFO:user_log:Обработка проекта ПЯТНИЦКИЕ ЛУГА успешно завершена
INFO:user_log:Начата обработка следующего проекта: РУБЛЕВСКИЙ КВАРТАЛ
INFO:user_log:Считывание данных для создания итогового файла
INFO:user_log:Запись в файл
INFO:user_log:Обработка проекта РУБЛЕВСКИЙ КВАРТАЛ успешно завершена
INFO:user_log:Начата обработка следующего проекта: ТОМИЛИНО
INFO:user_log:Считывание данных для создания итогового файла
INFO:user_log:Запись в файл
INFO:user_log:Обработка проекта ТОМИЛИНО успешно завершена
INFO:user_log:Общее время работы составило: 25.06 минут
INFO:user_log:Среднее время обработки одного проекта составило: 1.33 минут
